<?xml version="1.0" encoding="UTF-8"?>
<!-- Generated by org.testng.reporters.JUnitXMLReporter -->
<testsuite ignored="0" hostname="jays-MacBook-Pro.local" failures="0" tests="6" name="Default test" time="0.098" errors="0" timestamp="2023-08-26T21:00:43 IST">
  <testcase classname="Feature.YerunHoga" name="@BeforeClass Browsersetup" time="-1.693063842734E9">
    <failure type="org.testng.TestNGException" message="
Parameter &amp;apos;browser&amp;apos; is required by BeforeClass on method Browsersetup but has not been marked @Optional or defined
in /private/var/folders/k6/vhynrkd52rzcst6dpjshll5w0000gn/T/testng-eclipse--1734812232/testng-customsuite.xml">
      <![CDATA[org.testng.TestNGException: 
Parameter 'browser' is required by BeforeClass on method Browsersetup but has not been marked @Optional or defined
in /private/var/folders/k6/vhynrkd52rzcst6dpjshll5w0000gn/T/testng-eclipse--1734812232/testng-customsuite.xml
at org.testng.internal.Parameters.createParams(Parameters.java:268)
at org.testng.internal.Parameters.createParametersForMethod(Parameters.java:356)
at org.testng.internal.Parameters.createParameters(Parameters.java:700)
at org.testng.internal.Parameters.createConfigurationParameters(Parameters.java:166)
at org.testng.internal.ConfigInvoker.invokeConfigurations(ConfigInvoker.java:301)
at org.testng.internal.TestMethodWorker.invokeBeforeClassMethods(TestMethodWorker.java:176)
at org.testng.internal.TestMethodWorker.run(TestMethodWorker.java:122)
at java.base/java.util.ArrayList.forEach(ArrayList.java:1541)
at org.testng.TestRunner.privateRun(TestRunner.java:764)
at org.testng.TestRunner.run(TestRunner.java:585)
at org.testng.SuiteRunner.runTest(SuiteRunner.java:384)
at org.testng.SuiteRunner.runSequentially(SuiteRunner.java:378)
at org.testng.SuiteRunner.privateRun(SuiteRunner.java:337)
at org.testng.SuiteRunner.run(SuiteRunner.java:286)
at org.testng.SuiteRunnerWorker.runSuite(SuiteRunnerWorker.java:53)
at org.testng.SuiteRunnerWorker.run(SuiteRunnerWorker.java:96)
at org.testng.TestNG.runSuitesSequentially(TestNG.java:1218)
at org.testng.TestNG.runSuitesLocally(TestNG.java:1140)
at org.testng.TestNG.runSuites(TestNG.java:1069)
at org.testng.TestNG.run(TestNG.java:1037)
at org.testng.remote.AbstractRemoteTestNG.run(AbstractRemoteTestNG.java:115)
at org.testng.remote.RemoteTestNG.initAndRun(RemoteTestNG.java:251)
at org.testng.remote.RemoteTestNG.main(RemoteTestNG.java:77)
]]>
    </failure>
  </testcase> <!-- @BeforeClass Browsersetup -->
  <testcase classname="Feature.YerunHoga" name="@BeforeClass abc2" time="-1.693063842742E9">
    <skipped/>
  </testcase> <!-- @BeforeClass abc2 -->
  <testcase classname="Feature.YerunHoga" name="@BeforeMethod abc4" time="-1.693063842753E9">
    <skipped/>
  </testcase> <!-- @BeforeMethod abc4 -->
  <testcase classname="Feature.YerunHoga" name="@AfterMethod takescreenshot" time="-1.693063842766E9">
    <skipped/>
  </testcase> <!-- @AfterMethod takescreenshot -->
  <testcase classname="Feature.YerunHoga" name="@BeforeMethod abc4" time="-1.693063842767E9">
    <skipped/>
  </testcase> <!-- @BeforeMethod abc4 -->
  <testcase classname="Feature.YerunHoga" name="@AfterMethod takescreenshot" time="-1.693063842775E9">
    <skipped/>
  </testcase> <!-- @AfterMethod takescreenshot -->
  <testcase classname="Feature.YerunHoga" name="@BeforeMethod abc4" time="-1.693063842776E9">
    <skipped/>
  </testcase> <!-- @BeforeMethod abc4 -->
  <testcase classname="Feature.YerunHoga" name="@AfterMethod takescreenshot" time="-1.693063842781E9">
    <skipped/>
  </testcase> <!-- @AfterMethod takescreenshot -->
  <testcase classname="Feature.YerunHoga" name="@BeforeMethod abc4" time="-1.693063842787E9">
    <skipped/>
  </testcase> <!-- @BeforeMethod abc4 -->
  <testcase classname="Feature.YerunHoga" name="@AfterMethod takescreenshot" time="-1.693063842791E9">
    <skipped/>
  </testcase> <!-- @AfterMethod takescreenshot -->
  <testcase classname="Feature.YerunHoga" name="@BeforeMethod abc4" time="-1.693063842795E9">
    <skipped/>
  </testcase> <!-- @BeforeMethod abc4 -->
  <testcase classname="Feature.YerunHoga" name="@AfterMethod takescreenshot" time="-1.693063842809E9">
    <skipped/>
  </testcase> <!-- @AfterMethod takescreenshot -->
  <testcase classname="Feature.YerunHoga" name="@BeforeMethod abc4" time="-1.69306384281E9">
    <skipped/>
  </testcase> <!-- @BeforeMethod abc4 -->
  <testcase classname="Feature.YerunHoga" name="@AfterMethod takescreenshot" time="-1.693063842813E9">
    <skipped/>
  </testcase> <!-- @AfterMethod takescreenshot -->
  <testcase classname="Feature.YerunHoga" name="@AfterTest abc7" time="-1.693063842818E9">
    <skipped/>
  </testcase> <!-- @AfterTest abc7 -->
  <testcase classname="Feature.YerunHoga" name="@AfterTest quitbrowser" time="-1.693063842819E9">
    <skipped/>
  </testcase> <!-- @AfterTest quitbrowser -->
  <testcase classname="Feature.YerunHoga" name="LoginTestCase" time="0.0">
    <skipped/>
  </testcase> <!-- LoginTestCase -->
  <testcase classname="Feature.YerunHoga" name="abc8" time="0.0">
    <skipped/>
  </testcase> <!-- abc8 -->
  <testcase classname="Feature.YerunHoga" name="dragAnddrop" time="0.0">
    <skipped/>
  </testcase> <!-- dragAnddrop -->
  <testcase classname="Feature.YerunHoga" name="seleniumeasy" time="0.0">
    <skipped/>
  </testcase> <!-- seleniumeasy -->
  <testcase classname="Feature.YerunHoga" name="seleniumeasymultipleTabs" time="0.0">
    <skipped/>
  </testcase> <!-- seleniumeasymultipleTabs -->
  <testcase classname="Feature.YerunHoga" name="verifyTitle" time="0.0">
    <skipped/>
  </testcase> <!-- verifyTitle -->
</testsuite> <!-- Default test -->
